<?xml version="1.0" encoding="UTF-8"?>
<testng-results ignored="0" total="1" passed="1" failed="0" skipped="0">
  <reporter-output>
  </reporter-output>
  <suite started-at="2025-05-23T12:57:39 IST" name="Default suite" finished-at="2025-05-23T12:58:05 IST" duration-ms="25988">
    <groups>
    </groups>
    <test started-at="2025-05-23T12:57:39 IST" name="Default test" finished-at="2025-05-23T12:58:05 IST" duration-ms="25988">
      <class name="tests.MegaMenuTest">
        <test-method is-config="true" signature="setup()[pri:0, instance:tests.MegaMenuTest@55141def]" started-at="2025-05-23T12:57:39 IST" name="setup" finished-at="2025-05-23T12:57:48 IST" duration-ms="8805" status="PASS">
          <reporter-output>
          </reporter-output>
        </test-method> <!-- setup -->
        <test-method signature="testAppleFromMegaMenu()[pri:0, instance:tests.MegaMenuTest@55141def]" started-at="2025-05-23T12:57:48 IST" name="testAppleFromMegaMenu" finished-at="2025-05-23T12:57:53 IST" duration-ms="5083" status="PASS">
          <reporter-output>
          </reporter-output>
        </test-method> <!-- testAppleFromMegaMenu -->
        <test-method is-config="true" signature="closeApp()[pri:0, instance:tests.MegaMenuTest@55141def]" started-at="2025-05-23T12:57:53 IST" name="closeApp" finished-at="2025-05-23T12:58:05 IST" duration-ms="12039" status="PASS">
          <reporter-output>
          </reporter-output>
        </test-method> <!-- closeApp -->
      </class> <!-- tests.MegaMenuTest -->
    </test> <!-- Default test -->
  </suite> <!-- Default suite -->
</testng-results>
