<?xml version="1.0" encoding="UTF-8"?>
<testng-results ignored="0" total="1" passed="1" failed="0" skipped="0">
  <reporter-output>
  </reporter-output>
  <suite started-at="2025-05-23T14:35:05 IST" name="Suite" finished-at="2025-05-23T14:35:52 IST" duration-ms="46891">
    <groups>
    </groups>
    <test started-at="2025-05-23T14:35:05 IST" name="Test" finished-at="2025-05-23T14:35:52 IST" duration-ms="46891">
      <class name="tests.MegaMenuTest">
        <test-method is-config="true" signature="setup()[pri:0, instance:tests.MegaMenuTest@4b168fa9]" started-at="2025-05-23T14:35:05 IST" name="setup" finished-at="2025-05-23T14:35:29 IST" duration-ms="24298" status="PASS">
          <reporter-output>
          </reporter-output>
        </test-method> <!-- setup -->
        <test-method signature="testAppleFromMegaMenu()[pri:0, instance:tests.MegaMenuTest@4b168fa9]" started-at="2025-05-23T14:35:29 IST" name="testAppleFromMegaMenu" finished-at="2025-05-23T14:35:43 IST" duration-ms="13452" status="PASS">
          <reporter-output>
          </reporter-output>
        </test-method> <!-- testAppleFromMegaMenu -->
        <test-method is-config="true" signature="closeApp()[pri:0, instance:tests.MegaMenuTest@4b168fa9]" started-at="2025-05-23T14:35:43 IST" name="closeApp" finished-at="2025-05-23T14:35:52 IST" duration-ms="9071" status="PASS">
          <reporter-output>
          </reporter-output>
        </test-method> <!-- closeApp -->
      </class> <!-- tests.MegaMenuTest -->
    </test> <!-- Test -->
  </suite> <!-- Suite -->
</testng-results>
